(TASK sema/task-0): (SLEEP 0.10972000893965882d0)
(TASK sema/task-1): (SLEEP 0.2999100115652651d0)
(TASK sema/task-2): (SLEEP 0.7160618724185064d0)
(TASK sema/task-3): (SLEEP 0.25411052576716586d0)
(TASK sema/task-4): (SLEEP 0.7119044871818698d0)
(TASK sema/task-5): (SLEEP 0.036498926163984306d0)
(TASK sema/task-6): (SLEEP 0.8136159346894616d0)
(TASK sema/task-7): (SLEEP 0.1619334434712265d0)
(TASK sema/task-8): (SLEEP 0.48983173415290016d0)
(TASK sema/task-9): (SLEEP 0.25663758559796723d0)
CONTROLLER: SYNCHRONIZE
(TASK sema/task-5): REACHED-CHECKPOINT
(TASK sema/task-5): SYNCHRONIZE
(TASK sema/task-0): REACHED-CHECKPOINT
(TASK sema/task-0): SYNCHRONIZE
(TASK sema/task-7): REACHED-CHECKPOINT
(TASK sema/task-7): SYNCHRONIZE
(TASK sema/task-3): REACHED-CHECKPOINT
(TASK sema/task-3): SYNCHRONIZE
(TASK sema/task-9): REACHED-CHECKPOINT
(TASK sema/task-9): SYNCHRONIZE
(TASK sema/task-1): REACHED-CHECKPOINT
(TASK sema/task-1): SYNCHRONIZE
(TASK sema/task-8): REACHED-CHECKPOINT
(TASK sema/task-8): SYNCHRONIZE
(TASK sema/task-4): REACHED-CHECKPOINT
(TASK sema/task-4): SYNCHRONIZE
(TASK sema/task-2): REACHED-CHECKPOINT
(TASK sema/task-2): SYNCHRONIZE
(TASK sema/task-6): REACHED-CHECKPOINT
(TASK sema/task-6): SYNCHRONIZE
CONTROLLER: WAKE
CONTROLLER: SYNCHRONIZE
(TASK sema/task-5): (SLEEP 0.036498926163984306d0)
(TASK sema/task-6): (SLEEP 0.8136159346894616d0)
(TASK sema/task-0): (SLEEP 0.10972000893965882d0)
(TASK sema/task-7): (SLEEP 0.1619334434712265d0)
(TASK sema/task-9): (SLEEP 0.25663758559796723d0)
(TASK sema/task-1): (SLEEP 0.2999100115652651d0)
(TASK sema/task-4): (SLEEP 0.7119044871818698d0)
(TASK sema/task-8): (SLEEP 0.48983173415290016d0)
(TASK sema/task-2): (SLEEP 0.7160618724185064d0)
(TASK sema/task-3): (SLEEP 0.25411052576716586d0)
(TASK sema/task-5): REACHED-CHECKPOINT
(TASK sema/task-5): SYNCHRONIZE
(TASK sema/task-0): REACHED-CHECKPOINT
(TASK sema/task-0): SYNCHRONIZE
(TASK sema/task-7): REACHED-CHECKPOINT
(TASK sema/task-7): SYNCHRONIZE
(TASK sema/task-3): REACHED-CHECKPOINT
(TASK sema/task-3): SYNCHRONIZE
(TASK sema/task-9): REACHED-CHECKPOINT
(TASK sema/task-9): SYNCHRONIZE
(TASK sema/task-1): REACHED-CHECKPOINT
(TASK sema/task-1): SYNCHRONIZE
(TASK sema/task-8): REACHED-CHECKPOINT
(TASK sema/task-8): SYNCHRONIZE
(TASK sema/task-4): REACHED-CHECKPOINT
(TASK sema/task-4): SYNCHRONIZE
(TASK sema/task-2): REACHED-CHECKPOINT
(TASK sema/task-2): SYNCHRONIZE
(TASK sema/task-6): REACHED-CHECKPOINT
(TASK sema/task-6): SYNCHRONIZE
CONTROLLER: WAKE
(TASK sema/task-9): DONE
(TASK sema/task-1): DONE
(TASK sema/task-0): DONE
(TASK sema/task-5): DONE
(TASK sema/task-7): DONE
(TASK sema/task-6): DONE
(TASK sema/task-4): DONE
(TASK sema/task-2): DONE
(TASK sema/task-3): DONE
(TASK sema/task-8): DONE
